<?xml version="1.0" encoding="UTF-8" standalone="yes"?><!DOCTYPE report PUBLIC "-//JACOCO//DTD Report 1.1//EN" "report.dtd"><report name="LYNX Domain — Pure Business Core"><sessioninfo id="pop-os-72b4b87f" start="1778490705106" dump="1778490709052"/><package name="com/nominal/lynx/domain/model"><class name="com/nominal/lynx/domain/model/BatchRecord" sourcefilename="BatchRecord.java"><method name="&lt;init&gt;" desc="(Ljava/util/UUID;Ljava/lang/String;DLjava/lang/String;Ljava/util/Map;Lcom/nominal/lynx/domain/model/BatchRecord$BatchStatus;Ljava/util/UUID;Ljava/time/Instant;)V" line="28"><counter type="INSTRUCTION" missed="14" covered="61"/><counter type="BRANCH" missed="6" covered="10"/><counter type="LINE" missed="2" covered="9"/><counter type="COMPLEXITY" missed="6" covered="3"/><counter type="METHOD" missed="0" covered="1"/></method><method name="create" desc="(Ljava/lang/String;DLjava/lang/String;Ljava/util/Map;Ljava/util/UUID;)Lcom/nominal/lynx/domain/model/BatchRecord;" line="53"><counter type="INSTRUCTION" missed="0" covered="12"/><counter type="LINE" missed="0" covered="3"/><counter type="COMPLEXITY" missed="0" covered="1"/><counter type="METHOD" missed="0" covered="1"/></method><method name="transitionTo" desc="(Lcom/nominal/lynx/domain/model/BatchRecord$BatchStatus;)Lcom/nominal/lynx/domain/model/BatchRecord;" line="71"><counter type="INSTRUCTION" missed="0" covered="31"/><counter type="BRANCH" missed="0" covered="2"/><counter type="LINE" missed="0" covered="3"/><counter type="COMPLEXITY" missed="0" covered="2"/><counter type="METHOD" missed="0" covered="1"/></method><counter type="INSTRUCTION" missed="14" covered="104"/><counter type="BRANCH" missed="6" covered="12"/><counter type="LINE" missed="2" covered="15"/><counter type="COMPLEXITY" missed="6" covered="6"/><counter type="METHOD" missed="0" covered="3"/><counter type="CLASS" missed="0" covered="1"/></class><class name="com/nominal/lynx/domain/model/BatchRecord$BatchStatus" sourcefilename="BatchRecord.java"><method name="canTransitionTo" desc="(Lcom/nominal/lynx/domain/model/BatchRecord$BatchStatus;)Z" line="91"><counter type="INSTRUCTION" missed="15" covered="22"/><counter type="BRANCH" missed="9" covered="7"/><counter type="LINE" missed="0" covered="5"/><counter type="COMPLEXITY" missed="6" covered="4"/><counter type="METHOD" missed="0" covered="1"/></method><method name="&lt;clinit&gt;" desc="()V" line="80"><counter type="INSTRUCTION" missed="0" covered="33"/><counter type="LINE" missed="0" covered="6"/><counter type="COMPLEXITY" missed="0" covered="1"/><counter type="METHOD" missed="0" covered="1"/></method><counter type="INSTRUCTION" missed="15" covered="55"/><counter type="BRANCH" missed="9" covered="7"/><counter type="LINE" missed="0" covered="11"/><counter type="COMPLEXITY" missed="6" covered="5"/><counter type="METHOD" missed="0" covered="2"/><counter type="CLASS" missed="0" covered="1"/></class><sourcefile name="BatchRecord.java"><line nr="28" mi="0" ci="26" mb="0" cb="0"/><line nr="29" mi="0" ci="5" mb="1" cb="3"/><line nr="30" mi="0" ci="5" mb="0" cb="0"/><line nr="32" mi="0" ci="4" mb="1" cb="1"/><line nr="33" mi="5" ci="0" mb="0" cb="0"/><line nr="35" mi="0" ci="5" mb="2" cb="2"/><line nr="36" mi="5" ci="0" mb="0" cb="0"/><line nr="38" mi="0" ci="7" mb="0" cb="2"/><line nr="39" mi="2" ci="4" mb="1" cb="1"/><line nr="40" mi="2" ci="4" mb="1" cb="1"/><line nr="41" mi="0" ci="1" mb="0" cb="0"/><line nr="53" mi="0" ci="3" mb="0" cb="0"/><line nr="54" mi="0" ci="7" mb="0" cb="0"/><line nr="61" mi="0" ci="2" mb="0" cb="0"/><line nr="71" mi="0" ci="5" mb="0" cb="2"/><line nr="72" mi="0" ci="7" mb="0" cb="0"/><line nr="74" mi="0" ci="19" mb="0" cb="0"/><line nr="80" mi="0" ci="3" mb="0" cb="0"/><line nr="81" mi="0" ci="6" mb="0" cb="0"/><line nr="82" mi="0" ci="6" mb="0" cb="0"/><line nr="83" mi="0" ci="6" mb="0" cb="0"/><line nr="84" mi="0" ci="6" mb="0" cb="0"/><line nr="85" mi="0" ci="6" mb="0" cb="0"/><line nr="91" mi="0" ci="6" mb="0" cb="4"/><line nr="92" mi="5" ci="5" mb="3" cb="1"/><line nr="93" mi="5" ci="5" mb="3" cb="1"/><line nr="94" mi="5" ci="5" mb="3" cb="1"/><line nr="95" mi="0" ci="1" mb="0" cb="0"/><counter type="INSTRUCTION" missed="29" covered="159"/><counter type="BRANCH" missed="15" covered="19"/><counter type="LINE" missed="2" covered="26"/><counter type="COMPLEXITY" missed="12" covered="11"/><counter type="METHOD" missed="0" covered="5"/><counter type="CLASS" missed="0" covered="2"/></sourcefile><counter type="INSTRUCTION" missed="29" covered="159"/><counter type="BRANCH" missed="15" covered="19"/><counter type="LINE" missed="2" covered="26"/><counter type="COMPLEXITY" missed="12" covered="11"/><counter type="METHOD" missed="0" covered="5"/><counter type="CLASS" missed="0" covered="2"/></package><package name="com/nominal/lynx/domain/port/in"><class name="com/nominal/lynx/domain/port/in/CreateBatchUseCase" sourcefilename="CreateBatchUseCase.java"/><sourcefile name="CreateBatchUseCase.java"/></package><package name="com/nominal/lynx/domain/port/out"><class name="com/nominal/lynx/domain/port/out/BatchRepository" sourcefilename="BatchRepository.java"/><sourcefile name="BatchRepository.java"/></package><package name="com/nominal/lynx/domain/exception"><class name="com/nominal/lynx/domain/exception/InconsistentStateTransitionException" sourcefilename="InconsistentStateTransitionException.java"><method name="&lt;init&gt;" desc="(Lcom/nominal/lynx/domain/model/BatchRecord$BatchStatus;Lcom/nominal/lynx/domain/model/BatchRecord$BatchStatus;)V" line="14"><counter type="INSTRUCTION" missed="0" covered="6"/><counter type="LINE" missed="0" covered="2"/><counter type="COMPLEXITY" missed="0" covered="1"/><counter type="METHOD" missed="0" covered="1"/></method><counter type="INSTRUCTION" missed="0" covered="6"/><counter type="LINE" missed="0" covered="2"/><counter type="COMPLEXITY" missed="0" covered="1"/><counter type="METHOD" missed="0" covered="1"/><counter type="CLASS" missed="0" covered="1"/></class><sourcefile name="InconsistentStateTransitionException.java"><line nr="14" mi="0" ci="5" mb="0" cb="0"/><line nr="15" mi="0" ci="1" mb="0" cb="0"/><counter type="INSTRUCTION" missed="0" covered="6"/><counter type="LINE" missed="0" covered="2"/><counter type="COMPLEXITY" missed="0" covered="1"/><counter type="METHOD" missed="0" covered="1"/><counter type="CLASS" missed="0" covered="1"/></sourcefile><counter type="INSTRUCTION" missed="0" covered="6"/><counter type="LINE" missed="0" covered="2"/><counter type="COMPLEXITY" missed="0" covered="1"/><counter type="METHOD" missed="0" covered="1"/><counter type="CLASS" missed="0" covered="1"/></package><counter type="INSTRUCTION" missed="29" covered="165"/><counter type="BRANCH" missed="15" covered="19"/><counter type="LINE" missed="2" covered="28"/><counter type="COMPLEXITY" missed="12" covered="12"/><counter type="METHOD" missed="0" covered="6"/><counter type="CLASS" missed="0" covered="3"/></report>