GROUP,PACKAGE,CLASS,INSTRUCTION_MISSED,INSTRUCTION_COVERED,BRANCH_MISSED,BRANCH_COVERED,LINE_MISSED,LINE_COVERED,COMPLEXITY_MISSED,COMPLEXITY_COVERED,METHOD_MISSED,METHOD_COVERED
LYNX Infrastructure — Spring Boot Adapters & Executable,com.nominal.lynx.infrastructure.output.persistence,BatchMongoAdapter,0,50,0,0,0,12,0,7,0,7
LYNX Infrastructure — Spring Boot Adapters & Executable,com.nominal.lynx.infrastructure.config,UseCaseBeans,0,8,0,0,0,2,0,2,0,2
LYNX Infrastructure — Spring Boot Adapters & Executable,com.nominal.lynx.infrastructure.config,SecurityConfig,0,44,0,0,0,7,0,4,0,4
LYNX Infrastructure — Spring Boot Adapters & Executable,com.nominal.lynx,LynxCoreApplication,5,3,0,0,2,1,1,1,1,1
