<?xml version="1.0" encoding="UTF-8"?>
<testsuite xmlns:xsi="http://www.w3.org/2001/XMLSchema-instance" xsi:noNamespaceSchemaLocation="https://maven.apache.org/surefire/maven-surefire-plugin/xsd/surefire-test-report-3.0.xsd" version="3.0" name="com.nominal.lynx.LynxCoreApplicationTests" time="13.965" tests="1" errors="0" skipped="0" failures="0">
  <properties>
[...]
</properties>
  <testcase name="contextLoads" classname="com.nominal.lynx.LynxCoreApplicationTests" time="1.193">
    <system-out><![CDATA[09:11:58.634 [main] INFO org.springframework.test.context.support.AnnotationConfigContextLoaderUtils -- Could not detect default configuration classes for test class [com.nominal.lynx.LynxCoreApplicationTests]: LynxCoreApplicationTests does not declare any static, non-private, non-final, nested classes annotated with @Configuration.
09:11:58.844 [main] INFO org.springframework.boot.test.context.SpringBootTestContextBootstrapper -- Found @SpringBootConfiguration com.nominal.lynx.LynxCoreApplication for test class com.nominal.lynx.LynxCoreApplicationTests
  .   ____          _            __ _ _
 /\\ / ___'_ __ _ _(_)_ __  __ _ \ \ \ \
( ( )\___ | '_ | '_| | '_ \/ _` | \ \ \ \
 \\/  ___)| |_)| | | | | || (_| |  ) ) ) )
  '  |____| .__|_| |_|_| |_\__, | / / / /
 =========|_|==============|___/=/_/_/_/

 :: Spring Boot ::                (v3.3.0)

2026-05-11 09:12:02 - Starting LynxCoreApplicationTests using Java 17.0.12 with PID 46553 (started by javier in /home/javier/Documents/local-projects/lynx-core/lynx-infrastructure)
2026-05-11 09:12:02 - Running with Spring Boot v3.3.0, Spring v6.1.8
2026-05-11 09:12:02 - No active profile set, falling back to 1 default profile: "default"
2026-05-11 09:12:08 - Bootstrapping Spring Data MongoDB repositories in DEFAULT mode.
2026-05-11 09:12:08 - Finished Spring Data repository scanning in 35 ms. Found 0 MongoDB repository interfaces.
2026-05-11 09:12:09 - 

Using generated security password: 96be9aaf-2d37-4efc-a971-1b83e13b97a8

This generated password is for development use only. Your security configuration must be updated before running your application in production.

2026-05-11 09:12:09 - Global AuthenticationManager configured with UserDetailsService bean with name inMemoryUserDetailsManager
2026-05-11 09:12:09 - Will secure any request with [org.springframework.security.web.session.DisableEncodeUrlFilter@4ce4c097, org.springframework.security.web.context.request.async.WebAsyncManagerIntegrationFilter@2aec09a3, org.springframework.security.web.context.SecurityContextHolderFilter@2778a7c3, org.springframework.security.web.header.HeaderWriterFilter@ae49f31, org.springframework.web.filter.CorsFilter@79864d6, org.springframework.security.web.authentication.logout.LogoutFilter@29fa465a, org.springframework.security.web.savedrequest.RequestCacheAwareFilter@643947d1, org.springframework.security.web.servletapi.SecurityContextHolderAwareRequestFilter@7b80ac30, org.springframework.security.web.authentication.AnonymousAuthenticationFilter@472d7f34, org.springframework.security.web.access.ExceptionTranslationFilter@1c4335c8, org.springframework.security.web.access.intercept.AuthorizationFilter@361a1e86]
2026-05-11 09:12:10 - MongoClient with metadata {"driver": {"name": "mongo-java-driver|sync|spring-boot", "version": "5.0.1"}, "os": {"type": "Linux", "name": "Linux", "architecture": "amd64", "version": "6.18.7-76061807-generic"}, "platform": "Java/Eclipse Adoptium/17.0.12+7"} created with settings MongoClientSettings{readPreference=primary, writeConcern=WriteConcern{w=null, wTimeout=null ms, journal=null}, retryWrites=true, retryReads=true, readConcern=ReadConcern{level=null}, credential=null, transportSettings=null, commandListeners=[], codecRegistry=ProvidersCodecRegistry{codecProviders=[ValueCodecProvider{}, BsonValueCodecProvider{}, DBRefCodecProvider{}, DBObjectCodecProvider{}, DocumentCodecProvider{}, CollectionCodecProvider{}, IterableCodecProvider{}, MapCodecProvider{}, GeoJsonCodecProvider{}, GridFSFileCodecProvider{}, Jsr310CodecProvider{}, JsonObjectCodecProvider{}, BsonCodecProvider{}, EnumCodecProvider{}, com.mongodb.client.model.mql.ExpressionCodecProvider@7bff608c, com.mongodb.Jep395RecordCodecProvider@25af233d, com.mongodb.KotlinCodecProvider@345f429]}, loggerSettings=LoggerSettings{maxDocumentLength=1000}, clusterSettings={hosts=[localhost:27017], srvServiceName=mongodb, mode=SINGLE, requiredClusterType=UNKNOWN, requiredReplicaSetName='null', serverSelector='null', clusterListeners='[]', serverSelectionTimeout='30000 ms', localThreshold='15 ms'}, socketSettings=SocketSettings{connectTimeoutMS=10000, readTimeoutMS=0, receiveBufferSize=0, proxySettings=ProxySettings{host=null, port=null, username=null, password=null}}, heartbeatSocketSettings=SocketSettings{connectTimeoutMS=10000, readTimeoutMS=10000, receiveBufferSize=0, proxySettings=ProxySettings{host=null, port=null, username=null, password=null}}, connectionPoolSettings=ConnectionPoolSettings{maxSize=100, minSize=0, maxWaitTimeMS=120000, maxConnectionLifeTimeMS=0, maxConnectionIdleTimeMS=0, maintenanceInitialDelayMS=0, maintenanceFrequencyMS=60000, connectionPoolListeners=[], maxConnecting=2}, serverSettings=ServerSettings{heartbeatFrequencyMS=10000, minHeartbeatFrequencyMS=500, serverListeners='[]', serverMonitorListeners='[]'}, sslSettings=SslSettings{enabled=false, invalidHostNameAllowed=false, context=null}, applicationName='null', compressorList=[], uuidRepresentation=JAVA_LEGACY, serverApi=null, autoEncryptionSettings=null, dnsClient=null, inetAddressResolver=null, contextProvider=null}
2026-05-11 09:12:10 - Exception in monitor thread while connecting to server localhost:27017
com.mongodb.MongoSocketOpenException: Exception opening socket
	at com.mongodb.internal.connection.SocketStream.lambda$open$0(SocketStream.java:86)
	at java.base/java.util.Optional.orElseThrow(Optional.java:403)
	at com.mongodb.internal.connection.SocketStream.open(SocketStream.java:86)
	at com.mongodb.internal.connection.InternalStreamConnection.open(InternalStreamConnection.java:201)
	at com.mongodb.internal.connection.DefaultServerMonitor$ServerMonitorRunnable.lookupServerDescription(DefaultServerMonitor.java:193)
	at com.mongodb.internal.connection.DefaultServerMonitor$ServerMonitorRunnable.run(DefaultServerMonitor.java:153)
	at java.base/java.lang.Thread.run(Thread.java:840)
Caused by: java.net.ConnectException: Connection refused
	at java.base/sun.nio.ch.Net.pollConnect(Native Method)
	at java.base/sun.nio.ch.Net.pollConnectNow(Net.java:672)
	at java.base/sun.nio.ch.NioSocketImpl.timedFinishConnect(NioSocketImpl.java:547)
	at java.base/sun.nio.ch.NioSocketImpl.connect(NioSocketImpl.java:602)
	at java.base/java.net.SocksSocketImpl.connect(SocksSocketImpl.java:327)
	at java.base/java.net.Socket.connect(Socket.java:633)
	at com.mongodb.internal.connection.SocketStreamHelper.initialize(SocketStreamHelper.java:76)
	at com.mongodb.internal.connection.SocketStream.initializeSocket(SocketStream.java:105)
	at com.mongodb.internal.connection.SocketStream.open(SocketStream.java:80)
	... 4 common frames omitted
2026-05-11 09:12:11 - Started LynxCoreApplicationTests in 11.908 seconds (process running for 13.65)
]]></system-out>
  </testcase>
</testsuite>